{"C:\\Users\\hp\\Downloads\\taskflow-api\\taskflow-api\\src\\app.js": {"path":"C:\\Users\\hp\\Downloads\\taskflow-api\\taskflow-api\\src\\app.js","statementMap":{"0":{"start":{"line":1,"column":16},"end":{"line":1,"column":34}},"1":{"start":{"line":2,"column":19},"end":{"line":2,"column":49}},"2":{"start":{"line":3,"column":19},"end":{"line":3,"column":49}},"3":{"start":{"line":5,"column":12},"end":{"line":5,"column":21}},"4":{"start":{"line":7,"column":0},"end":{"line":7,"column":24}},"5":{"start":{"line":9,"column":0},"end":{"line":11,"column":3}},"6":{"start":{"line":10,"column":2},"end":{"line":10,"column":41}},"7":{"start":{"line":13,"column":0},"end":{"line":13,"column":33}},"8":{"start":{"line":14,"column":0},"end":{"line":14,"column":34}},"9":{"start":{"line":17,"column":0},"end":{"line":19,"column":3}},"10":{"start":{"line":18,"column":2},"end":{"line":18,"column":53}},"11":{"start":{"line":21,"column":0},"end":{"line":21,"column":21}}},"fnMap":{"0":{"name":"(anonymous_0)","decl":{"start":{"line":9,"column":19},"end":{"line":9,"column":20}},"loc":{"start":{"line":9,"column":33},"end":{"line":11,"column":1}},"line":9},"1":{"name":"(anonymous_1)","decl":{"start":{"line":17,"column":8},"end":{"line":17,"column":9}},"loc":{"start":{"line":17,"column":22},"end":{"line":19,"column":1}},"line":17}},"branchMap":{},"s":{"0":2,"1":2,"2":2,"3":2,"4":2,"5":2,"6":0,"7":2,"8":2,"9":2,"10":0,"11":2},"f":{"0":0,"1":0},"b":{},"_coverageSchema":"1a1c01bbd47fc00a2c39e90264f33305004495a9","hash":"6f92a0f3b0c989e8241e4060217711200c5523a7"}
,"C:\\Users\\hp\\Downloads\\taskflow-api\\taskflow-api\\src\\controllers\\authController.js": {"path":"C:\\Users\\hp\\Downloads\\taskflow-api\\taskflow-api\\src\\controllers\\authController.js","statementMap":{"0":{"start":{"line":1,"column":15},"end":{"line":1,"column":34}},"1":{"start":{"line":2,"column":12},"end":{"line":2,"column":35}},"2":{"start":{"line":3,"column":11},"end":{"line":3,"column":34}},"3":{"start":{"line":6,"column":2},"end":{"line":27,"column":3}},"4":{"start":{"line":7,"column":38},"end":{"line":7,"column":46}},"5":{"start":{"line":9,"column":4},"end":{"line":11,"column":5}},"6":{"start":{"line":10,"column":6},"end":{"line":10,"column":87}},"7":{"start":{"line":13,"column":23},"end":{"line":13,"column":86}},"8":{"start":{"line":14,"column":4},"end":{"line":16,"column":5}},"9":{"start":{"line":15,"column":6},"end":{"line":15,"column":73}},"10":{"start":{"line":18,"column":27},"end":{"line":18,"column":58}},"11":{"start":{"line":19,"column":21},"end":{"line":22,"column":5}},"12":{"start":{"line":24,"column":4},"end":{"line":24,"column":70}},"13":{"start":{"line":26,"column":4},"end":{"line":26,"column":79}},"14":{"start":{"line":31,"column":2},"end":{"line":58,"column":3}},"15":{"start":{"line":32,"column":32},"end":{"line":32,"column":40}},"16":{"start":{"line":34,"column":4},"end":{"line":36,"column":5}},"17":{"start":{"line":35,"column":6},"end":{"line":35,"column":80}},"18":{"start":{"line":38,"column":19},"end":{"line":38,"column":81}},"19":{"start":{"line":39,"column":4},"end":{"line":41,"column":5}},"20":{"start":{"line":40,"column":6},"end":{"line":40,"column":68}},"21":{"start":{"line":43,"column":17},"end":{"line":43,"column":24}},"22":{"start":{"line":44,"column":20},"end":{"line":44,"column":65}},"23":{"start":{"line":45,"column":4},"end":{"line":47,"column":5}},"24":{"start":{"line":46,"column":6},"end":{"line":46,"column":68}},"25":{"start":{"line":49,"column":18},"end":{"line":53,"column":5}},"26":{"start":{"line":55,"column":4},"end":{"line":55,"column":43}},"27":{"start":{"line":57,"column":4},"end":{"line":57,"column":72}},"28":{"start":{"line":61,"column":0},"end":{"line":61,"column":37}}},"fnMap":{"0":{"name":"register","decl":{"start":{"line":5,"column":15},"end":{"line":5,"column":23}},"loc":{"start":{"line":5,"column":34},"end":{"line":28,"column":1}},"line":5},"1":{"name":"login","decl":{"start":{"line":30,"column":15},"end":{"line":30,"column":20}},"loc":{"start":{"line":30,"column":31},"end":{"line":59,"column":1}},"line":30}},"branchMap":{"0":{"loc":{"start":{"line":9,"column":4},"end":{"line":11,"column":5}},"type":"if","locations":[{"start":{"line":9,"column":4},"end":{"line":11,"column":5}},{"start":{},"end":{}}],"line":9},"1":{"loc":{"start":{"line":9,"column":8},"end":{"line":9,"column":36}},"type":"binary-expr","locations":[{"start":{"line":9,"column":8},"end":{"line":9,"column":13}},{"start":{"line":9,"column":17},"end":{"line":9,"column":23}},{"start":{"line":9,"column":27},"end":{"line":9,"column":36}}],"line":9},"2":{"loc":{"start":{"line":14,"column":4},"end":{"line":16,"column":5}},"type":"if","locations":[{"start":{"line":14,"column":4},"end":{"line":16,"column":5}},{"start":{},"end":{}}],"line":14},"3":{"loc":{"start":{"line":34,"column":4},"end":{"line":36,"column":5}},"type":"if","locations":[{"start":{"line":34,"column":4},"end":{"line":36,"column":5}},{"start":{},"end":{}}],"line":34},"4":{"loc":{"start":{"line":34,"column":8},"end":{"line":34,"column":27}},"type":"binary-expr","locations":[{"start":{"line":34,"column":8},"end":{"line":34,"column":14}},{"start":{"line":34,"column":18},"end":{"line":34,"column":27}}],"line":34},"5":{"loc":{"start":{"line":39,"column":4},"end":{"line":41,"column":5}},"type":"if","locations":[{"start":{"line":39,"column":4},"end":{"line":41,"column":5}},{"start":{},"end":{}}],"line":39},"6":{"loc":{"start":{"line":45,"column":4},"end":{"line":47,"column":5}},"type":"if","locations":[{"start":{"line":45,"column":4},"end":{"line":47,"column":5}},{"start":{},"end":{}}],"line":45},"7":{"loc":{"start":{"line":51,"column":6},"end":{"line":51,"column":45}},"type":"binary-expr","locations":[{"start":{"line":51,"column":6},"end":{"line":51,"column":28}},{"start":{"line":51,"column":32},"end":{"line":51,"column":45}}],"line":51}},"s":{"0":2,"1":2,"2":2,"3":3,"4":3,"5":3,"6":1,"7":2,"8":2,"9":1,"10":1,"11":1,"12":1,"13":0,"14":2,"15":2,"16":2,"17":1,"18":1,"19":1,"20":1,"21":0,"22":0,"23":0,"24":0,"25":0,"26":0,"27":0,"28":2},"f":{"0":3,"1":2},"b":{"0":[1,2],"1":[3,2,2],"2":[1,1],"3":[1,1],"4":[2,2],"5":[1,0],"6":[0,0],"7":[0,0]},"_coverageSchema":"1a1c01bbd47fc00a2c39e90264f33305004495a9","hash":"989980c6a53655719704598401287cc04311dc52"}
,"C:\\Users\\hp\\Downloads\\taskflow-api\\taskflow-api\\src\\controllers\\taskController.js": {"path":"C:\\Users\\hp\\Downloads\\taskflow-api\\taskflow-api\\src\\controllers\\taskController.js","statementMap":{"0":{"start":{"line":1,"column":11},"end":{"line":1,"column":34}},"1":{"start":{"line":4,"column":2},"end":{"line":9,"column":3}},"2":{"start":{"line":5,"column":19},"end":{"line":5,"column":89}},"3":{"start":{"line":6,"column":4},"end":{"line":6,"column":38}},"4":{"start":{"line":8,"column":4},"end":{"line":8,"column":74}},"5":{"start":{"line":13,"column":2},"end":{"line":28,"column":3}},"6":{"start":{"line":14,"column":43},"end":{"line":14,"column":51}},"7":{"start":{"line":16,"column":4},"end":{"line":18,"column":5}},"8":{"start":{"line":17,"column":6},"end":{"line":17,"column":66}},"9":{"start":{"line":20,"column":21},"end":{"line":23,"column":5}},"10":{"start":{"line":25,"column":4},"end":{"line":25,"column":106}},"11":{"start":{"line":27,"column":4},"end":{"line":27,"column":73}},"12":{"start":{"line":32,"column":2},"end":{"line":55,"column":3}},"13":{"start":{"line":33,"column":19},"end":{"line":33,"column":29}},"14":{"start":{"line":34,"column":43},"end":{"line":34,"column":51}},"15":{"start":{"line":36,"column":23},"end":{"line":36,"column":108}},"16":{"start":{"line":37,"column":4},"end":{"line":39,"column":5}},"17":{"start":{"line":38,"column":6},"end":{"line":38,"column":63}},"18":{"start":{"line":41,"column":4},"end":{"line":50,"column":6}},"19":{"start":{"line":52,"column":4},"end":{"line":52,"column":61}},"20":{"start":{"line":54,"column":4},"end":{"line":54,"column":73}},"21":{"start":{"line":59,"column":2},"end":{"line":71,"column":3}},"22":{"start":{"line":60,"column":19},"end":{"line":60,"column":29}},"23":{"start":{"line":62,"column":23},"end":{"line":62,"column":108}},"24":{"start":{"line":63,"column":4},"end":{"line":65,"column":5}},"25":{"start":{"line":64,"column":6},"end":{"line":64,"column":63}},"26":{"start":{"line":67,"column":4},"end":{"line":67,"column":88}},"27":{"start":{"line":68,"column":4},"end":{"line":68,"column":61}},"28":{"start":{"line":70,"column":4},"end":{"line":70,"column":73}},"29":{"start":{"line":74,"column":0},"end":{"line":74,"column":66}}},"fnMap":{"0":{"name":"getTasks","decl":{"start":{"line":3,"column":15},"end":{"line":3,"column":23}},"loc":{"start":{"line":3,"column":34},"end":{"line":10,"column":1}},"line":3},"1":{"name":"createTask","decl":{"start":{"line":12,"column":15},"end":{"line":12,"column":25}},"loc":{"start":{"line":12,"column":36},"end":{"line":29,"column":1}},"line":12},"2":{"name":"updateTask","decl":{"start":{"line":31,"column":15},"end":{"line":31,"column":25}},"loc":{"start":{"line":31,"column":36},"end":{"line":56,"column":1}},"line":31},"3":{"name":"deleteTask","decl":{"start":{"line":58,"column":15},"end":{"line":58,"column":25}},"loc":{"start":{"line":58,"column":36},"end":{"line":72,"column":1}},"line":58}},"branchMap":{"0":{"loc":{"start":{"line":16,"column":4},"end":{"line":18,"column":5}},"type":"if","locations":[{"start":{"line":16,"column":4},"end":{"line":18,"column":5}},{"start":{},"end":{}}],"line":16},"1":{"loc":{"start":{"line":22,"column":27},"end":{"line":22,"column":46}},"type":"binary-expr","locations":[{"start":{"line":22,"column":27},"end":{"line":22,"column":38}},{"start":{"line":22,"column":42},"end":{"line":22,"column":46}}],"line":22},"2":{"loc":{"start":{"line":22,"column":48},"end":{"line":22,"column":67}},"type":"binary-expr","locations":[{"start":{"line":22,"column":48},"end":{"line":22,"column":54}},{"start":{"line":22,"column":58},"end":{"line":22,"column":67}}],"line":22},"3":{"loc":{"start":{"line":25,"column":83},"end":{"line":25,"column":102}},"type":"binary-expr","locations":[{"start":{"line":25,"column":83},"end":{"line":25,"column":89}},{"start":{"line":25,"column":93},"end":{"line":25,"column":102}}],"line":25},"4":{"loc":{"start":{"line":37,"column":4},"end":{"line":39,"column":5}},"type":"if","locations":[{"start":{"line":37,"column":4},"end":{"line":39,"column":5}},{"start":{},"end":{}}],"line":37},"5":{"loc":{"start":{"line":44,"column":8},"end":{"line":44,"column":34}},"type":"binary-expr","locations":[{"start":{"line":44,"column":8},"end":{"line":44,"column":13}},{"start":{"line":44,"column":17},"end":{"line":44,"column":34}}],"line":44},"6":{"loc":{"start":{"line":45,"column":8},"end":{"line":45,"column":73}},"type":"cond-expr","locations":[{"start":{"line":45,"column":36},"end":{"line":45,"column":47}},{"start":{"line":45,"column":50},"end":{"line":45,"column":73}}],"line":45},"7":{"loc":{"start":{"line":46,"column":8},"end":{"line":46,"column":36}},"type":"binary-expr","locations":[{"start":{"line":46,"column":8},"end":{"line":46,"column":14}},{"start":{"line":46,"column":18},"end":{"line":46,"column":36}}],"line":46},"8":{"loc":{"start":{"line":63,"column":4},"end":{"line":65,"column":5}},"type":"if","locations":[{"start":{"line":63,"column":4},"end":{"line":65,"column":5}},{"start":{},"end":{}}],"line":63}},"s":{"0":2,"1":1,"2":1,"3":1,"4":0,"5":2,"6":2,"7":2,"8":1,"9":1,"10":1,"11":0,"12":1,"13":1,"14":1,"15":1,"16":1,"17":1,"18":0,"19":0,"20":0,"21":1,"22":1,"23":1,"24":1,"25":0,"26":1,"27":1,"28":0,"29":2},"f":{"0":1,"1":2,"2":1,"3":1},"b":{"0":[1,1],"1":[1,1],"2":[1,1],"3":[1,1],"4":[1,0],"5":[0,0],"6":[0,0],"7":[0,0],"8":[0,1]},"_coverageSchema":"1a1c01bbd47fc00a2c39e90264f33305004495a9","hash":"c81e0113d629dfe64f01f0fb7048d16aa98d5bfb"}
,"C:\\Users\\hp\\Downloads\\taskflow-api\\taskflow-api\\src\\middleware\\auth.js": {"path":"C:\\Users\\hp\\Downloads\\taskflow-api\\taskflow-api\\src\\middleware\\auth.js","statementMap":{"0":{"start":{"line":1,"column":12},"end":{"line":1,"column":35}},"1":{"start":{"line":4,"column":17},"end":{"line":4,"column":42}},"2":{"start":{"line":6,"column":2},"end":{"line":8,"column":3}},"3":{"start":{"line":7,"column":4},"end":{"line":7,"column":88}},"4":{"start":{"line":10,"column":16},"end":{"line":10,"column":36}},"5":{"start":{"line":12,"column":2},"end":{"line":18,"column":3}},"6":{"start":{"line":13,"column":20},"end":{"line":13,"column":78}},"7":{"start":{"line":14,"column":4},"end":{"line":14,"column":23}},"8":{"start":{"line":15,"column":4},"end":{"line":15,"column":11}},"9":{"start":{"line":17,"column":4},"end":{"line":17,"column":71}},"10":{"start":{"line":21,"column":0},"end":{"line":21,"column":30}}},"fnMap":{"0":{"name":"authenticate","decl":{"start":{"line":3,"column":9},"end":{"line":3,"column":21}},"loc":{"start":{"line":3,"column":38},"end":{"line":19,"column":1}},"line":3}},"branchMap":{"0":{"loc":{"start":{"line":6,"column":2},"end":{"line":8,"column":3}},"type":"if","locations":[{"start":{"line":6,"column":2},"end":{"line":8,"column":3}},{"start":{},"end":{}}],"line":6},"1":{"loc":{"start":{"line":6,"column":6},"end":{"line":6,"column":46}},"type":"binary-expr","locations":[{"start":{"line":6,"column":6},"end":{"line":6,"column":13}},{"start":{"line":6,"column":17},"end":{"line":6,"column":46}}],"line":6},"2":{"loc":{"start":{"line":13,"column":38},"end":{"line":13,"column":77}},"type":"binary-expr","locations":[{"start":{"line":13,"column":38},"end":{"line":13,"column":60}},{"start":{"line":13,"column":64},"end":{"line":13,"column":77}}],"line":13}},"s":{"0":2,"1":7,"2":7,"3":1,"4":6,"5":6,"6":6,"7":5,"8":5,"9":1,"10":2},"f":{"0":7},"b":{"0":[1,6],"1":[7,6],"2":[6,6]},"_coverageSchema":"1a1c01bbd47fc00a2c39e90264f33305004495a9","hash":"8716e158b517df87a681e158eb9f7028b38817b3"}
,"C:\\Users\\hp\\Downloads\\taskflow-api\\taskflow-api\\src\\routes\\authRoutes.js": {"path":"C:\\Users\\hp\\Downloads\\taskflow-api\\taskflow-api\\src\\routes\\authRoutes.js","statementMap":{"0":{"start":{"line":1,"column":16},"end":{"line":1,"column":34}},"1":{"start":{"line":2,"column":28},"end":{"line":2,"column":68}},"2":{"start":{"line":4,"column":15},"end":{"line":4,"column":31}},"3":{"start":{"line":6,"column":0},"end":{"line":6,"column":35}},"4":{"start":{"line":7,"column":0},"end":{"line":7,"column":29}},"5":{"start":{"line":9,"column":0},"end":{"line":9,"column":24}}},"fnMap":{},"branchMap":{},"s":{"0":2,"1":2,"2":2,"3":2,"4":2,"5":2},"f":{},"b":{},"_coverageSchema":"1a1c01bbd47fc00a2c39e90264f33305004495a9","hash":"09045aeba30f66b399c1c076c101951a9428af93"}
,"C:\\Users\\hp\\Downloads\\taskflow-api\\taskflow-api\\src\\routes\\taskRoutes.js": {"path":"C:\\Users\\hp\\Downloads\\taskflow-api\\taskflow-api\\src\\routes\\taskRoutes.js","statementMap":{"0":{"start":{"line":1,"column":16},"end":{"line":1,"column":34}},"1":{"start":{"line":2,"column":21},"end":{"line":2,"column":50}},"2":{"start":{"line":3,"column":57},"end":{"line":3,"column":97}},"3":{"start":{"line":5,"column":15},"end":{"line":5,"column":31}},"4":{"start":{"line":7,"column":0},"end":{"line":7,"column":25}},"5":{"start":{"line":9,"column":0},"end":{"line":9,"column":26}},"6":{"start":{"line":10,"column":0},"end":{"line":10,"column":29}},"7":{"start":{"line":11,"column":0},"end":{"line":11,"column":31}},"8":{"start":{"line":12,"column":0},"end":{"line":12,"column":34}},"9":{"start":{"line":14,"column":0},"end":{"line":14,"column":24}}},"fnMap":{},"branchMap":{},"s":{"0":2,"1":2,"2":2,"3":2,"4":2,"5":2,"6":2,"7":2,"8":2,"9":2},"f":{},"b":{},"_coverageSchema":"1a1c01bbd47fc00a2c39e90264f33305004495a9","hash":"2fa26f7b3535cca8ca341304e3b419045016bcb5"}
}
