TN:
SF:src\app.js
FN:9,(anonymous_0)
FN:17,(anonymous_1)
FNF:2
FNH:0
FNDA:0,(anonymous_0)
FNDA:0,(anonymous_1)
DA:1,2
DA:2,2
DA:3,2
DA:5,2
DA:7,2
DA:9,2
DA:10,0
DA:13,2
DA:14,2
DA:17,2
DA:18,0
DA:21,2
LF:12
LH:10
BRF:0
BRH:0
end_of_record
TN:
SF:src\controllers\authController.js
FN:5,register
FN:30,login
FNF:2
FNH:2
FNDA:3,register
FNDA:2,login
DA:1,2
DA:2,2
DA:3,2
DA:6,3
DA:7,3
DA:9,3
DA:10,1
DA:13,2
DA:14,2
DA:15,1
DA:18,1
DA:19,1
DA:24,1
DA:26,0
DA:31,2
DA:32,2
DA:34,2
DA:35,1
DA:38,1
DA:39,1
DA:40,1
DA:43,0
DA:44,0
DA:45,0
DA:46,0
DA:49,0
DA:55,0
DA:57,0
DA:61,2
LF:29
LH:21
BRDA:9,0,0,1
BRDA:9,0,1,2
BRDA:9,1,0,3
BRDA:9,1,1,2
BRDA:9,1,2,2
BRDA:14,2,0,1
BRDA:14,2,1,1
BRDA:34,3,0,1
BRDA:34,3,1,1
BRDA:34,4,0,2
BRDA:34,4,1,2
BRDA:39,5,0,1
BRDA:39,5,1,0
BRDA:45,6,0,0
BRDA:45,6,1,0
BRDA:51,7,0,0
BRDA:51,7,1,0
BRF:17
BRH:12
end_of_record
TN:
SF:src\controllers\taskController.js
FN:3,getTasks
FN:12,createTask
FN:31,updateTask
FN:58,deleteTask
FNF:4
FNH:4
FNDA:1,getTasks
FNDA:2,createTask
FNDA:1,updateTask
FNDA:1,deleteTask
DA:1,2
DA:4,1
DA:5,1
DA:6,1
DA:8,0
DA:13,2
DA:14,2
DA:16,2
DA:17,1
DA:20,1
DA:25,1
DA:27,0
DA:32,1
DA:33,1
DA:34,1
DA:36,1
DA:37,1
DA:38,1
DA:41,0
DA:52,0
DA:54,0
DA:59,1
DA:60,1
DA:62,1
DA:63,1
DA:64,0
DA:67,1
DA:68,1
DA:70,0
DA:74,2
LF:30
LH:23
BRDA:16,0,0,1
BRDA:16,0,1,1
BRDA:22,1,0,1
BRDA:22,1,1,1
BRDA:22,2,0,1
BRDA:22,2,1,1
BRDA:25,3,0,1
BRDA:25,3,1,1
BRDA:37,4,0,1
BRDA:37,4,1,0
BRDA:44,5,0,0
BRDA:44,5,1,0
BRDA:45,6,0,0
BRDA:45,6,1,0
BRDA:46,7,0,0
BRDA:46,7,1,0
BRDA:63,8,0,0
BRDA:63,8,1,1
BRF:18
BRH:10
end_of_record
TN:
SF:src\middleware\auth.js
FN:3,authenticate
FNF:1
FNH:1
FNDA:7,authenticate
DA:1,2
DA:4,7
DA:6,7
DA:7,1
DA:10,6
DA:12,6
DA:13,6
DA:14,5
DA:15,5
DA:17,1
DA:21,2
LF:11
LH:11
BRDA:6,0,0,1
BRDA:6,0,1,6
BRDA:6,1,0,7
BRDA:6,1,1,6
BRDA:13,2,0,6
BRDA:13,2,1,6
BRF:6
BRH:6
end_of_record
TN:
SF:src\routes\authRoutes.js
FNF:0
FNH:0
DA:1,2
DA:2,2
DA:4,2
DA:6,2
DA:7,2
DA:9,2
LF:6
LH:6
BRF:0
BRH:0
end_of_record
TN:
SF:src\routes\taskRoutes.js
FNF:0
FNH:0
DA:1,2
DA:2,2
DA:3,2
DA:5,2
DA:7,2
DA:9,2
DA:10,2
DA:11,2
DA:12,2
DA:14,2
LF:10
LH:10
BRF:0
BRH:0
end_of_record
